Tue Apr  1 16:08:36 UTC 2025
Wed Apr  2 12:41:38 UTC 2025
Thu Apr  3 12:41:31 UTC 2025
Fri Apr  4 12:40:38 UTC 2025
Sat Apr  5 12:36:43 UTC 2025
Sun Apr  6 12:36:58 UTC 2025
Mon Apr  7 12:42:14 UTC 2025
Tue Apr  8 12:41:47 UTC 2025
Wed Apr  9 12:42:05 UTC 2025
Thu Apr 10 12:42:11 UTC 2025
Fri Apr 11 12:41:01 UTC 2025
Sat Apr 12 12:36:53 UTC 2025
Sun Apr 13 12:37:37 UTC 2025
Mon Apr 14 12:42:09 UTC 2025
Tue Apr 15 12:41:43 UTC 2025
Wed Apr 16 12:42:07 UTC 2025
Thu Apr 17 12:41:16 UTC 2025
Fri Apr 18 12:39:51 UTC 2025
Sat Apr 19 12:37:08 UTC 2025
Sun Apr 20 12:37:18 UTC 2025
Mon Apr 21 12:40:58 UTC 2025
Tue Apr 22 12:41:37 UTC 2025
Wed Apr 23 12:42:24 UTC 2025
Thu Apr 24 12:43:28 UTC 2025
Fri Apr 25 12:41:54 UTC 2025
Sat Apr 26 12:37:29 UTC 2025
Sun Apr 27 12:37:51 UTC 2025
Mon Apr 28 12:50:46 UTC 2025
Tue Apr 29 12:45:46 UTC 2025
Wed Apr 30 12:41:31 UTC 2025
Thu May  1 12:40:54 UTC 2025
Fri May  2 12:41:19 UTC 2025
Sat May  3 12:38:45 UTC 2025
Sun May  4 12:39:03 UTC 2025
Mon May  5 12:42:55 UTC 2025
Tue May  6 12:45:20 UTC 2025
Wed May  7 12:46:21 UTC 2025
Thu May  8 12:43:18 UTC 2025
Fri May  9 12:41:43 UTC 2025
Sat May 10 12:38:27 UTC 2025
Sun May 11 12:38:51 UTC 2025
Mon May 12 12:45:44 UTC 2025
Tue May 13 12:46:21 UTC 2025
Wed May 14 12:43:45 UTC 2025
Thu May 15 12:43:56 UTC 2025
Fri May 16 12:43:40 UTC 2025
Sat May 17 12:39:11 UTC 2025
Sun May 18 12:39:35 UTC 2025
Mon May 19 12:46:37 UTC 2025
Tue May 20 12:46:24 UTC 2025
Wed May 21 12:45:35 UTC 2025
Thu May 22 12:45:34 UTC 2025
Fri May 23 12:42:49 UTC 2025
Sat May 24 12:39:10 UTC 2025
Sun May 25 12:39:45 UTC 2025
Mon May 26 12:42:38 UTC 2025
Tue May 27 12:46:28 UTC 2025
Wed May 28 12:45:58 UTC 2025
Thu May 29 12:44:03 UTC 2025
Fri May 30 12:44:07 UTC 2025
Sat May 31 12:40:12 UTC 2025
Sun Jun  1 12:41:02 UTC 2025
Mon Jun  2 12:45:59 UTC 2025
Tue Jun  3 12:46:32 UTC 2025
Wed Jun  4 12:47:17 UTC 2025
Thu Jun  5 12:46:13 UTC 2025
Fri Jun  6 12:44:18 UTC 2025
Sat Jun  7 12:40:16 UTC 2025
Sun Jun  8 12:40:29 UTC 2025
Mon Jun  9 12:45:59 UTC 2025
Tue Jun 10 12:47:06 UTC 2025
Wed Jun 11 12:46:51 UTC 2025
Thu Jun 12 12:45:38 UTC 2025
Fri Jun 13 12:45:03 UTC 2025
Sat Jun 14 12:40:23 UTC 2025
Sun Jun 15 12:40:49 UTC 2025
Mon Jun 16 12:48:18 UTC 2025
Tue Jun 17 12:47:23 UTC 2025
Wed Jun 18 12:47:26 UTC 2025
Thu Jun 19 12:46:19 UTC 2025
Fri Jun 20 12:46:00 UTC 2025
Sat Jun 21 12:40:43 UTC 2025
Sun Jun 22 12:40:40 UTC 2025
